<?xml version="1.0" encoding="UTF-8"?>
<testsuite xmlns:xsi="http://www.w3.org/2001/XMLSchema-instance" xsi:noNamespaceSchemaLocation="https://maven.apache.org/surefire/maven-surefire-plugin/xsd/surefire-test-report-3.0.xsd" version="3.0" name="com.example.HelloWorldTest" time="2.676" tests="1" errors="0" skipped="0" failures="0">
  <properties>
    <property name="java.specification.version" value="21"/>
    <property name="sun.cpu.isalist" value="amd64"/>
    <property name="sun.jnu.encoding" value="MS950"/>
    <property name="java.class.path" value="C:\Users\leo\OneDrive\桌面\akka-quickstart\target\test-classes;C:\Users\leo\OneDrive\桌面\akka-quickstart\target\classes;C:\Users\leo\.m2\repository\com\typesafe\akka\akka-actor-typed_2.13\2.10.2\akka-actor-typed_2.13-2.10.2.jar;C:\Users\leo\.m2\repository\org\scala-lang\scala-library\2.13.15\scala-library-2.13.15.jar;C:\Users\leo\.m2\repository\com\typesafe\akka\akka-actor_2.13\2.10.2\akka-actor_2.13-2.10.2.jar;C:\Users\leo\.m2\repository\com\typesafe\config\1.4.3\config-1.4.3.jar;C:\Users\leo\.m2\repository\com\typesafe\akka\akka-slf4j_2.13\2.10.2\akka-slf4j_2.13-2.10.2.jar;C:\Users\leo\.m2\repository\org\slf4j\slf4j-api\2.0.16\slf4j-api-2.0.16.jar;C:\Users\leo\.m2\repository\ch\qos\logback\logback-classic\1.5.8\logback-classic-1.5.8.jar;C:\Users\leo\.m2\repository\ch\qos\logback\logback-core\1.5.8\logback-core-1.5.8.jar;C:\Users\leo\.m2\repository\com\typesafe\akka\akka-actor-testkit-typed_2.13\2.10.2\akka-actor-testkit-typed_2.13-2.10.2.jar;C:\Users\leo\.m2\repository\com\typesafe\akka\akka-testkit_2.13\2.10.2\akka-testkit_2.13-2.10.2.jar;C:\Users\leo\.m2\repository\junit\junit\4.13.2\junit-4.13.2.jar;C:\Users\leo\.m2\repository\org\hamcrest\hamcrest-core\1.3\hamcrest-core-1.3.jar;"/>
    <property name="java.vm.vendor" value="Eclipse Adoptium"/>
    <property name="sun.arch.data.model" value="64"/>
    <property name="user.variant" value=""/>
    <property name="java.vendor.url" value="https://adoptium.net/"/>
    <property name="user.timezone" value="Europe/Paris"/>
    <property name="os.name" value="Windows 11"/>
    <property name="java.vm.specification.version" value="21"/>
    <property name="sun.java.launcher" value="SUN_STANDARD"/>
    <property name="user.country" value="TW"/>
    <property name="sun.boot.library.path" value="C:\Users\leo\.p2\pool\plugins\org.eclipse.justj.openjdk.hotspot.jre.full.win32.x86_64_21.0.6.v20250130-0529\jre\bin"/>
    <property name="sun.java.command" value="C:\Users\leo\AppData\Local\Temp\surefire10131434804674545917\surefirebooter-20250317174329171_3.jar C:\Users\leo\AppData\Local\Temp\surefire10131434804674545917 2025-03-17T17-43-28_363-jvmRun1 surefire-20250317174329171_1tmp surefire_0-20250317174329171_2tmp"/>
    <property name="jdk.debug" value="release"/>
    <property name="surefire.test.class.path" value="C:\Users\leo\OneDrive\桌面\akka-quickstart\target\test-classes;C:\Users\leo\OneDrive\桌面\akka-quickstart\target\classes;C:\Users\leo\.m2\repository\com\typesafe\akka\akka-actor-typed_2.13\2.10.2\akka-actor-typed_2.13-2.10.2.jar;C:\Users\leo\.m2\repository\org\scala-lang\scala-library\2.13.15\scala-library-2.13.15.jar;C:\Users\leo\.m2\repository\com\typesafe\akka\akka-actor_2.13\2.10.2\akka-actor_2.13-2.10.2.jar;C:\Users\leo\.m2\repository\com\typesafe\config\1.4.3\config-1.4.3.jar;C:\Users\leo\.m2\repository\com\typesafe\akka\akka-slf4j_2.13\2.10.2\akka-slf4j_2.13-2.10.2.jar;C:\Users\leo\.m2\repository\org\slf4j\slf4j-api\2.0.16\slf4j-api-2.0.16.jar;C:\Users\leo\.m2\repository\ch\qos\logback\logback-classic\1.5.8\logback-classic-1.5.8.jar;C:\Users\leo\.m2\repository\ch\qos\logback\logback-core\1.5.8\logback-core-1.5.8.jar;C:\Users\leo\.m2\repository\com\typesafe\akka\akka-actor-testkit-typed_2.13\2.10.2\akka-actor-testkit-typed_2.13-2.10.2.jar;C:\Users\leo\.m2\repository\com\typesafe\akka\akka-testkit_2.13\2.10.2\akka-testkit_2.13-2.10.2.jar;C:\Users\leo\.m2\repository\junit\junit\4.13.2\junit-4.13.2.jar;C:\Users\leo\.m2\repository\org\hamcrest\hamcrest-core\1.3\hamcrest-core-1.3.jar;"/>
    <property name="sun.cpu.endian" value="little"/>
    <property name="user.home" value="C:\Users\leo"/>
    <property name="user.language" value="zh"/>
    <property name="java.specification.vendor" value="Oracle Corporation"/>
    <property name="java.version.date" value="2025-01-21"/>
    <property name="java.home" value="C:\Users\leo\.p2\pool\plugins\org.eclipse.justj.openjdk.hotspot.jre.full.win32.x86_64_21.0.6.v20250130-0529\jre"/>
    <property name="file.separator" value="\"/>
    <property name="basedir" value="C:\Users\leo\OneDrive\桌面\akka-quickstart"/>
    <property name="style.color" value="always"/>
    <property name="java.vm.compressedOopsMode" value="Zero based"/>
    <property name="line.separator" value="&#10;"/>
    <property name="java.vm.specification.vendor" value="Oracle Corporation"/>
    <property name="java.specification.name" value="Java Platform API Specification"/>
    <property name="surefire.real.class.path" value="C:\Users\leo\AppData\Local\Temp\surefire10131434804674545917\surefirebooter-20250317174329171_3.jar"/>
    <property name="user.script" value=""/>
    <property name="sun.management.compiler" value="HotSpot 64-Bit Tiered Compilers"/>
    <property name="java.runtime.version" value="21.0.6+7-LTS"/>
    <property name="user.name" value="leo"/>
    <property name="stdout.encoding" value="MS950"/>
    <property name="path.separator" value=";"/>
    <property name="os.version" value="10.0"/>
    <property name="java.runtime.name" value="OpenJDK Runtime Environment"/>
    <property name="file.encoding" value="UTF-8"/>
    <property name="java.vm.name" value="OpenJDK 64-Bit Server VM"/>
    <property name="java.vendor.version" value="Temurin-21.0.6+7"/>
    <property name="localRepository" value="C:\Users\leo\.m2\repository"/>
    <property name="java.vendor.url.bug" value="https://github.com/adoptium/adoptium-support/issues"/>
    <property name="java.io.tmpdir" value="C:\Users\leo\AppData\Local\Temp\"/>
    <property name="java.version" value="21.0.6"/>
    <property name="user.dir" value="C:\Users\leo\OneDrive\桌面\akka-quickstart"/>
    <property name="os.arch" value="amd64"/>
    <property name="java.vm.specification.name" value="Java Virtual Machine Specification"/>
    <property name="sun.os.patch.level" value=""/>
    <property name="native.encoding" value="MS950"/>
    <property name="java.library.path" value="C:\Users\leo\.p2\pool\plugins\org.eclipse.justj.openjdk.hotspot.jre.full.win32.x86_64_21.0.6.v20250130-0529\jre\bin;C:\WINDOWS\Sun\Java\bin;C:\WINDOWS\system32;C:\WINDOWS;C:/Users/leo/.p2/pool/plugins/org.eclipse.justj.openjdk.hotspot.jre.full.win32.x86_64_21.0.6.v20250130-0529/jre/bin/server;C:/Users/leo/.p2/pool/plugins/org.eclipse.justj.openjdk.hotspot.jre.full.win32.x86_64_21.0.6.v20250130-0529/jre/bin;C:\Program Files (x86)\Common Files\Oracle\Java\javapath;C:\Windows\system32;C:\Windows;C:\Windows\System32\Wbem;C:\Windows\System32\WindowsPowerShell\v1.0\;C:\Windows\System32\OpenSSH\;C:\Program Files (x86)\NVIDIA Corporation\PhysX\Common;C:\WINDOWS\system32;C:\WINDOWS;C:\WINDOWS\System32\Wbem;C:\WINDOWS\System32\WindowsPowerShell\v1.0\;C:\WINDOWS\System32\OpenSSH\;C:\Program Files\dotnet\;C:\Users\leo\OneDrive\桌面\y2\二下\ctags;C:\;verilog\bin;C:\iverilog\gtkwave\bin;C:\Program Files (x86)\IVI Foundation\VISA\WinNT\Bin\;C:\Program Files\IVI Foundation\VISA\Win64\Bin\;C:\Program Files (x86)\IVI Foundation\VISA\WinNT\Bin;C:\Program Files\Git\cmd;C:\MinGW\bin;C:\Program Files\NVIDIA Corporation\NVIDIA app\NvDLISR;C:\Program Files\Java\jdk1.8.0_202\bin;D:\apache-maven-3.9.9\bin;C:\Users\leo\AppData\Local\Microsoft\WindowsApps;;C:\PyCharm Community Edition 2022.2.3\bin;;C:\Users\leo\AppData\Local\Programs\Microsoft VS Code\bin;C:\iverilog\bin;C:\iverilog\gtkwave\bin;C:\Users\leo\OneDrive\桌面;;."/>
    <property name="java.vm.info" value="mixed mode, sharing"/>
    <property name="stderr.encoding" value="MS950"/>
    <property name="java.vendor" value="Eclipse Adoptium"/>
    <property name="java.vm.version" value="21.0.6+7-LTS"/>
    <property name="sun.io.unicode.encoding" value="UnicodeLittle"/>
    <property name="java.class.version" value="65.0"/>
  </properties>
  <testcase name="testGreeting" classname="com.example.HelloWorldTest" time="0.082">
    <system-out><![CDATA[[2025-03-17 17:43:32,299] [INFO] [akka.event.slf4j.Slf4jLogger] [HelloWorldTest-akka.actor.default-dispatcher-4] [] - Slf4jLogger started
[2025-03-17 17:43:32,335] [WARN] [akka.actor.ActorSystemImpl] [HelloWorldTest-akka.actor.default-dispatcher-4] [akka.actor.ActorSystemImpl(HelloWorldTest)] - Dev use only. Free keys at https://akka.io/key
[2025-03-17 17:43:32,678] [INFO] [com.example.HelloWorld] [HelloWorldTest-akka.actor.default-dispatcher-5] [akka://HelloWorldTest/user/$a] - Hello Santa!
]]></system-out>
  </testcase>
</testsuite>